Start testing: Feb 23 15:31 IST
----------------------------------------------------------
1/5 Testing: qanneal_tests
1/5 Test: qanneal_tests
Command: "/Users/satyanveshi/Desktop/SQOAD/qlatanneal/build_sqo/qanneal_tests"
Directory: /Users/satyanveshi/Desktop/SQOAD/qlatanneal/build_sqo
"qanneal_tests" start time: Feb 23 15:31 IST
Output:
----------------------------------------------------------
<end of output>
Test time =   0.41 sec
----------------------------------------------------------
Test Passed.
"qanneal_tests" end time: Feb 23 15:31 IST
"qanneal_tests" time elapsed: 00:00:00
----------------------------------------------------------

2/5 Testing: qanneal_sqa_tests
2/5 Test: qanneal_sqa_tests
Command: "/Users/satyanveshi/Desktop/SQOAD/qlatanneal/build_sqo/qanneal_sqa_tests"
Directory: /Users/satyanveshi/Desktop/SQOAD/qlatanneal/build_sqo
"qanneal_sqa_tests" start time: Feb 23 15:31 IST
Output:
----------------------------------------------------------
<end of output>
Test time =   0.39 sec
----------------------------------------------------------
Test Passed.
"qanneal_sqa_tests" end time: Feb 23 15:31 IST
"qanneal_sqa_tests" time elapsed: 00:00:00
----------------------------------------------------------

3/5 Testing: qanneal_replica_tests
3/5 Test: qanneal_replica_tests
Command: "/Users/satyanveshi/Desktop/SQOAD/qlatanneal/build_sqo/qanneal_replica_tests"
Directory: /Users/satyanveshi/Desktop/SQOAD/qlatanneal/build_sqo
"qanneal_replica_tests" start time: Feb 23 15:31 IST
Output:
----------------------------------------------------------
<end of output>
Test time =   0.35 sec
----------------------------------------------------------
Test Passed.
"qanneal_replica_tests" end time: Feb 23 15:31 IST
"qanneal_replica_tests" time elapsed: 00:00:00
----------------------------------------------------------

4/5 Testing: qanneal_pt_tests
4/5 Test: qanneal_pt_tests
Command: "/Users/satyanveshi/Desktop/SQOAD/qlatanneal/build_sqo/qanneal_pt_tests"
Directory: /Users/satyanveshi/Desktop/SQOAD/qlatanneal/build_sqo
"qanneal_pt_tests" start time: Feb 23 15:31 IST
Output:
----------------------------------------------------------
<end of output>
Test time =   0.34 sec
----------------------------------------------------------
Test Passed.
"qanneal_pt_tests" end time: Feb 23 15:31 IST
"qanneal_pt_tests" time elapsed: 00:00:00
----------------------------------------------------------

5/5 Testing: qanneal_sqapt_tests
5/5 Test: qanneal_sqapt_tests
Command: "/Users/satyanveshi/Desktop/SQOAD/qlatanneal/build_sqo/qanneal_sqapt_tests"
Directory: /Users/satyanveshi/Desktop/SQOAD/qlatanneal/build_sqo
"qanneal_sqapt_tests" start time: Feb 23 15:31 IST
Output:
----------------------------------------------------------
<end of output>
Test time =   0.36 sec
----------------------------------------------------------
Test Passed.
"qanneal_sqapt_tests" end time: Feb 23 15:31 IST
"qanneal_sqapt_tests" time elapsed: 00:00:00
----------------------------------------------------------

End testing: Feb 23 15:31 IST
